<?xml version="1.0" encoding="UTF-8"?>
<testsuite name="SimpleJUnitTest" tests="3" skipped="0" failures="0" errors="0" timestamp="2023-10-26T18:31:01" hostname="DESKTOP-CIA7D6N" time="0.011">
  <properties/>
  <testcase name="twotest()" classname="SimpleJUnitTest" time="0.009"/>
  <testcase name="freesttest()" classname="SimpleJUnitTest" time="0.0"/>
  <testcase name="firsttest()" classname="SimpleJUnitTest" time="0.0"/>
  <system-out><![CDATA[###        two test
###        free test
###        first test
]]></system-out>
  <system-err><![CDATA[]]></system-err>
</testsuite>
